Kuaiyue/proguard/seeds.txt
com.aisidi.kuaiyue.HomeActivity
com.aisidi.kuaiyue.HomeActivity: HomeActivity()
com.aisidi.kuaiyue.WeiboApplication
com.aisidi.kuaiyue.WeiboApplication: WeiboApplication()
com.aisidi.kuaiyue.activity.BrowserBigPicActivity
com.aisidi.kuaiyue.activity.BrowserBigPicActivity: BrowserBigPicActivity()
com.aisidi.kuaiyue.activity.DetailsActivity
com.aisidi.kuaiyue.activity.DetailsActivity: DetailsActivity()
com.aisidi.kuaiyue.activity.MultiplePicActivity
com.aisidi.kuaiyue.activity.MultiplePicActivity: MultiplePicActivity()
com.aisidi.kuaiyue.activity.ProfileActivity
com.aisidi.kuaiyue.activity.ProfileActivity: ProfileActivity()
com.aisidi.kuaiyue.activity.ReplayActivity
com.aisidi.kuaiyue.activity.ReplayActivity: ReplayActivity()
com.aisidi.kuaiyue.activity.SetActivity
com.aisidi.kuaiyue.activity.SetActivity: SetActivity()
com.aisidi.kuaiyue.component.CustomerBar
com.aisidi.kuaiyue.component.CustomerBar: CustomerBar(android.content.Context)
com.aisidi.kuaiyue.component.CustomerBar: CustomerBar(android.content.Context,android.util.AttributeSet)
com.aisidi.kuaiyue.component.ImageLayout
com.aisidi.kuaiyue.component.ImageLayout: ImageLayout(android.content.Context)
com.aisidi.kuaiyue.component.ImageLayout: ImageLayout(android.content.Context,android.util.AttributeSet)
com.aisidi.kuaiyue.component.MyListView
com.aisidi.kuaiyue.component.MyListView: MyListView(android.content.Context)
com.aisidi.kuaiyue.component.MyListView: MyListView(android.content.Context,android.util.AttributeSet)
com.aisidi.kuaiyue.component.TitleView
com.aisidi.kuaiyue.component.TitleView: TitleView(android.content.Context)
com.aisidi.kuaiyue.component.TitleView: TitleView(android.content.Context,android.util.AttributeSet)
...
com.slidingmenu.lib.CanvasTransformerBuilder
com.slidingmenu.lib.CanvasTransformerBuilder: com.slidingmenu.lib.SlidingMenu$CanvasTransformer mTrans
com.slidingmenu.lib.CanvasTransformerBuilder: android.view.animation.Interpolator lin
com.slidingmenu.lib.CanvasTransformerBuilder: void <clinit>()
com.slidingmenu.lib.CanvasTransformerBuilder: CanvasTransformerBuilder()
com.slidingmenu.lib.CanvasTransformerBuilder: void initTransformer()
com.slidingmenu.lib.CanvasTransformerBuilder: com.slidingmenu.lib.SlidingMenu$CanvasTransformer zoom(int,int,int,int,int,int)
com.slidingmenu.lib.CanvasTransformerBuilder: com.slidingmenu.lib.SlidingMenu$CanvasTransformer zoom(int,int,int,int,int,int,android.view.animation.Interpolator)
com.slidingmenu.lib.CanvasTransformerBuilder: com.slidingmenu.lib.SlidingMenu$CanvasTransformer rotate(int,int,int,int)
com.slidingmenu.lib.CanvasTransformerBuilder: com.slidingmenu.lib.SlidingMenu$CanvasTransformer rotate(int,int,int,int,android.view.animation.Interpolator)
com.slidingmenu.lib.CanvasTransformerBuilder: com.slidingmenu.lib.SlidingMenu$CanvasTransformer translate(int,int,int,int)
com.slidingmenu.lib.CanvasTransformerBuilder: com.slidingmenu.lib.SlidingMenu$CanvasTransformer translate(int,int,int,int,android.view.animation.Interpolator)
com.slidingmenu.lib.CanvasTransformerBuilder: com.slidingmenu.lib.SlidingMenu$CanvasTransformer concatTransformer(com.slidingmenu.lib.SlidingMenu$CanvasTransformer)
com.slidingmenu.lib.CanvasTransformerBuilder$1
com.slidingmenu.lib.CanvasTransformerBuilder$1: CanvasTransformerBuilder$1()
com.slidingmenu.lib.CanvasTransformerBuilder$1: float getInterpolation(float)
com.slidingmenu.lib.CanvasTransformerBuilder$2
com.slidingmenu.lib.CanvasTransformerBuilder$2: com.slidingmenu.lib.CanvasTransformerBuilder this$0
com.slidingmenu.lib.CanvasTransformerBuilder$2: CanvasTransformerBuilder$2(com.slidingmenu.lib.CanvasTransformerBuilder)
com.slidingmenu.lib.CanvasTransformerBuilder$2: void transformCanvas(android.graphics.Canvas,float)
com.slidingmenu.lib.CanvasTransformerBuilder$3
com.slidingmenu.lib.CanvasTransformerBuilder$3: com.slidingmenu.lib.CanvasTransformerBuilder this$0
com.slidingmenu.lib.CanvasTransformerBuilder$3: android.view.animation.Interpolator val$interp
com.slidingmenu.lib.CanvasTransformerBuilder$3: int val$openedX
com.slidingmenu.lib.CanvasTransformerBuilder$3: int val$closedX
com.slidingmenu.lib.CanvasTransformerBuilder$3: int val$openedY
com.slidingmenu.lib.CanvasTransformerBuilder$3: int val$closedY
com.slidingmenu.lib.CanvasTransformerBuilder$3: int val$px
com.slidingmenu.lib.CanvasTransformerBuilder$3: int val$py
com.slidingmenu.lib.CanvasTransformerBuilder$3: CanvasTransformerBuilder$3(com.slidingmenu.lib.CanvasTransformerBuilder,android.view.animation.Interpolator,int,int,int,int,int,int)
com.slidingmenu.lib.CanvasTransformerBuilder$3: void transformCanvas(android.graphics.Canvas,float)
com.slidingmenu.lib.CanvasTransformerBuilder$4
com.slidingmenu.lib.CanvasTransformerBuilder$4: com.slidingmenu.lib.CanvasTransformerBuilder this$0
com.slidingmenu.lib.CanvasTransformerBuilder$4: android.view.animation.Interpolator val$interp
com.slidingmenu.lib.CanvasTransformerBuilder$4: int val$openedDeg
com.slidingmenu.lib.CanvasTransformerBuilder$4: int val$closedDeg
com.slidingmenu.lib.CanvasTransformerBuilder$4: int val$px
com.slidingmenu.lib.CanvasTransformerBuilder$4: int val$py
com.slidingmenu.lib.CanvasTransformerBuilder$4: CanvasTransformerBuilder$4(com.slidingmenu.lib.CanvasTransformerBuilder,android.view.animation.Interpolator,int,int,int,int)
com.slidingmenu.lib.CanvasTransformerBuilder$4: void transformCanvas(android.graphics.Canvas,float)