Kuaiyue/proguard/mapping.txt
com.aisidi.kuaiyue.HomeActivity -> com.aisidi.kuaiyue.HomeActivity:
    com.aisidi.kuaiyue.MainFragment mainFragment -> a
    int backCount -> b
    boolean isClosed -> c
    com.slidingmenu.lib.SlidingMenu sm -> d
    com.aisidi.kuaiyue.MenuFragment menuFragment -> e
    android.os.Handler handler -> f
    void onCreate(android.os.Bundle) -> onCreate
    void UpdateListChange() -> a
    void OpenLonginPage() -> b
    void changeUserUI(java.lang.String,java.lang.String) -> a
    void showGroups(java.util.ArrayList) -> a
    void changeGroupsTimeLine(java.lang.String) -> a
    void onActivityResult(int,int,android.content.Intent) -> onActivityResult
    void onBackPressed() -> onBackPressed
    void whichScreen(int) -> a
    void access$0(com.aisidi.kuaiyue.HomeActivity,int) -> a
com.aisidi.kuaiyue.HomeActivity$1 -> com.aisidi.kuaiyue.a:
    com.aisidi.kuaiyue.HomeActivity this$0 -> a
    void handleMessage(android.os.Message) -> handleMessage
com.aisidi.kuaiyue.MainFragment -> com.aisidi.kuaiyue.b:
    android.support.v4.view.ViewPager viewPager -> R
    android.widget.TextView name -> S
    android.widget.ImageView headImage -> T
    com.weibo.net.Weibo weibo -> U
    android.widget.LinearLayout loginLinear -> V
    int[] counts -> W
    com.aisidi.kuaiyue.database.KuaiDataBase base -> X
    com.aisidi.kuaiyue.pager.UpdateWeibo updateWeibo -> Y
    com.aisidi.kuaiyue.pager.BasePager homePage -> Z
    com.aisidi.kuaiyue.pager.BasePager atPage -> aa
    com.aisidi.kuaiyue.pager.BasePager commPage -> ab
    com.aisidi.kuaiyue.MainFragment$OnScreenListener screenListener -> ac
    com.flood.mycar.drawable.BitmapDownloader downloader -> M
    java.lang.String screen_name -> N
    java.lang.String profile_image_url -> O
    java.lang.String adminId -> P
    com.aisidi.kuaiyue.bean.UserBean bean -> Q
    java.util.ArrayList groupsList -> ad
    java.lang.Runnable getGroups -> ae
    android.os.Handler handler -> af
    android.view.View onCreateView$469ccb8a() -> j
    void onActivityCreated(android.os.Bundle) -> c
    void onResume() -> l
    void onCreate(android.os.Bundle) -> b
    void setPicPath() -> x
    void loginWeiBo() -> y
    void changeUser(java.lang.String,java.lang.String) -> a
    void freshUI() -> C
    void changeGroups(java.lang.String) -> a
    void setPage(int) -> a
    void stopTimeLinePicDownLoad() -> z
    void setOnScreenListener(com.aisidi.kuaiyue.MainFragment$OnScreenListener) -> a
com.aisidi.kuaiyue.MainFragment$1 -> com.aisidi.kuaiyue.c:
    com.aisidi.kuaiyue.MainFragment this$0 -> a
    void run() -> run
com.aisidi.kuaiyue.MainFragment$2 -> com.aisidi.kuaiyue.d:
    com.aisidi.kuaiyue.MainFragment this$0 -> a
    void handleMessage(android.os.Message) -> handleMessage
com.aisidi.kuaiyue.MainFragment$3 -> com.aisidi.kuaiyue.e:
    com.aisidi.kuaiyue.MainFragment this$0 -> a
    com.aisidi.kuaiyue.component.TitleView val$titleView -> b
    void onPageSelected(int) -> a
com.aisidi.kuaiyue.MainFragment$4 -> com.aisidi.kuaiyue.f:
    com.aisidi.kuaiyue.MainFragment this$0 -> a
    java.lang.String doInBackground$35725684() -> a
    void onPostExecute(java.lang.Object) -> onPostExecute
    java.lang.Object doInBackground(java.lang.Object[]) -> doInBackground
com.aisidi.kuaiyue.MainFragment$5 -> com.aisidi.kuaiyue.g:
    android.widget.ImageView val$showPage -> a
    void onClick(android.view.View) -> onClick
com.aisidi.kuaiyue.MainFragment$AuthDialogListener -> com.aisidi.kuaiyue.h:
com.aisidi.kuaiyue.MainFragment$OnScreenListener -> com.aisidi.kuaiyue.i:
    void whichScreen(int) -> a
com.aisidi.kuaiyue.MenuChange -> com.aisidi.kuaiyue.j:
    void addFollowCount() -> a
    void deleteFollowCount() -> b
...
android.support.v4.view.MotionEventCompat$MotionEventVersionImpl -> android.support.v4.view.p:
    int findPointerIndex(android.view.MotionEvent,int) -> a
    int getPointerId(android.view.MotionEvent,int) -> b
    float getX(android.view.MotionEvent,int) -> c
    float getY(android.view.MotionEvent,int) -> d
android.support.v4.view.PagerAdapter -> android.support.v4.view.q:
    android.database.DataSetObservable mObservable -> a
    int getCount() -> a
    java.lang.Object instantiateItem(android.view.View,int) -> a
    void destroyItem$7e55ba3e(android.view.View,int) -> b
    boolean isViewFromObject(android.view.View,java.lang.Object) -> a
    void registerDataSetObserver(android.database.DataSetObserver) -> a
    void unregisterDataSetObserver(android.database.DataSetObserver) -> b
android.support.v4.view.VelocityTrackerCompat -> android.support.v4.view.r:
    android.support.v4.view.VelocityTrackerCompat$VelocityTrackerVersionImpl IMPL -> a
    float getXVelocity(android.view.VelocityTracker,int) -> a
android.support.v4.view.VelocityTrackerCompat$BaseVelocityTrackerVersionImpl -> android.support.v4.view.s:
    float getXVelocity(android.view.VelocityTracker,int) -> a
android.support.v4.view.VelocityTrackerCompat$HoneycombVelocityTrackerVersionImpl -> android.support.v4.view.t:
    float getXVelocity(android.view.VelocityTracker,int) -> a
android.support.v4.view.VelocityTrackerCompat$VelocityTrackerVersionImpl -> android.support.v4.view.u:
    float getXVelocity(android.view.VelocityTracker,int) -> a
android.support.v4.view.ViewCompat -> android.support.v4.view.v:
    android.support.v4.view.ViewCompat$ViewCompatImpl IMPL -> a
    boolean canScrollHorizontally(android.view.View,int) -> a
    int getOverScrollMode(android.view.View) -> a
    void setAccessibilityDelegate(android.view.View,android.support.v4.view.AccessibilityDelegateCompat) -> a
    void postInvalidateOnAnimation(android.view.View) -> b
    void postOnAnimation(android.view.View,java.lang.Runnable) -> a
    int getImportantForAccessibility(android.view.View) -> c
    void setImportantForAccessibility(android.view.View,int) -> b
android.support.v4.view.ViewCompat$GBViewCompatImpl -> android.support.v4.view.w:
    int getOverScrollMode(android.view.View) -> a
android.support.v4.view.ViewCompat$HCViewCompatImpl -> android.support.v4.view.x:
    long getFrameTime() -> a
android.support.v4.view.ViewCompat$ICSViewCompatImpl -> android.support.v4.view.y:
    boolean canScrollHorizontally(android.view.View,int) -> a
    void setAccessibilityDelegate(android.view.View,android.support.v4.view.AccessibilityDelegateCompat) -> a
android.support.v4.view.ViewCompat$JBViewCompatImpl -> android.support.v4.view.z:
    void postInvalidateOnAnimation(android.view.View) -> b
    void postOnAnimation(android.view.View,java.lang.Runnable) -> a
    int getImportantForAccessibility(android.view.View) -> c
    void setImportantForAccessibility(android.view.View,int) -> b
android.support.v4.view.ViewCompat$JbMr1ViewCompatImpl -> android.support.v4.view.A:
android.support.v4.view.ViewCompat$ViewCompatImpl -> android.support.v4.view.B:
    boolean canScrollHorizontally(android.view.View,int) -> a
    int getOverScrollMode(android.view.View) -> a
    void setAccessibilityDelegate(android.view.View,android.support.v4.view.AccessibilityDelegateCompat) -> a
    void postInvalidateOnAnimation(android.view.View) -> b
    void postOnAnimation(android.view.View,java.lang.Runnable) -> a
    int getImportantForAccessibility(android.view.View) -> c
    void setImportantForAccessibility(android.view.View,int) -> b
    long getFrameTime() -> a
android.support.v4.view.ViewConfigurationCompat -> android.support.v4.view.C:
    android.support.v4.view.ViewConfigurationCompat$ViewConfigurationVersionImpl IMPL -> a
    int getScaledPagingTouchSlop(android.view.ViewConfiguration) -> a