Kuaiyue/proguard/usage.txt
com.aisidi.kuaiyue.BuildConfig
com.aisidi.kuaiyue.HomeActivity:
    private int currentScreen
com.aisidi.kuaiyue.MainFragment:
    public static int status
    public static int mention_status
    public static int cmt
    private static final java.lang.String SPNAME
    private static final java.lang.String FIRSTTIME
    286:286:static synthetic void access$5(com.aisidi.kuaiyue.MainFragment)
    68:68:static synthetic android.widget.LinearLayout access$6(com.aisidi.kuaiyue.MainFragment)
com.aisidi.kuaiyue.MainFragment$AuthDialogListener:
    243:263:public void onComplete(android.os.Bundle)
    267:269:public void onError(com.weibo.net.DialogError)
    273:275:public void onCancel()
    279:282:public void onWeiboException(com.weibo.net.WeiboException)
com.aisidi.kuaiyue.MainFragment$Notifaction
com.aisidi.kuaiyue.MenuChange:
    public abstract void addWeiBoCount()
    public abstract void addFavoritesCount()
    public abstract void deleteFavoritesCount()
com.aisidi.kuaiyue.MenuFragment:
    public static com.aisidi.kuaiyue.MenuFragment menuFragment
    private int five
    private java.lang.String item_uid
    70:70:public static com.aisidi.kuaiyue.MenuChange getInstance()
    454:459:private java.lang.String createFriends(com.weibo.net.Weibo,java.lang.String)
    463:468:private java.lang.String destroyFriends(com.weibo.net.Weibo,java.lang.String)
    509:510:public void setFollowListener(com.aisidi.kuaiyue.MenuFragment$FollowListener)
    553:554:public void addWeiBoCount()
    577:578:public void addFavoritesCount()
    582:583:public void deleteFavoritesCount()
    49:49:static synthetic java.lang.String access$13(com.aisidi.kuaiyue.MenuFragment)
    453:453:static synthetic java.lang.String access$14(com.aisidi.kuaiyue.MenuFragment,com.weibo.net.Weibo,java.lang.String)
    462:462:static synthetic java.lang.String access$15(com.aisidi.kuaiyue.MenuFragment,com.weibo.net.Weibo,java.lang.String)
com.aisidi.kuaiyue.MenuFragment$SetFriends
com.aisidi.kuaiyue.R
com.aisidi.kuaiyue.R$anim
com.aisidi.kuaiyue.R$array
com.aisidi.kuaiyue.R$attr
com.aisidi.kuaiyue.R$color
com.aisidi.kuaiyue.R$dimen
com.aisidi.kuaiyue.R$drawable
com.aisidi.kuaiyue.R$id
com.aisidi.kuaiyue.R$layout
com.aisidi.kuaiyue.R$menu
com.aisidi.kuaiyue.R$string
com.aisidi.kuaiyue.R$style
com.aisidi.kuaiyue.R$styleable
com.aisidi.kuaiyue.activity.DetailsActivity:
    private com.aisidi.kuaiyue.bean.UserBean reUserBean
com.aisidi.kuaiyue.activity.SetActivity:
    public static final java.lang.String SET_FILE
    public static final java.lang.String SET_FONT
    public static final java.lang.String SET_IMAGE
    121:122:public static int fontSize(android.content.Context)
com.aisidi.kuaiyue.adapter.HomeAdapter:
    private static final int TAP
    private static final int DOUBLE_TAP
    private static final int LONG_TAP
com.aisidi.kuaiyue.adapter.HomeAdapter$RecentViewHolder:
    android.widget.ImageView image
    android.widget.ImageView reImage
com.aisidi.kuaiyue.bean.CommTimeLineBean:
    47:47:public int getAttitudes_count()
com.aisidi.kuaiyue.bean.DetailsListBean:
    private java.lang.String re_comm
    10:10:public java.lang.String getRe_comm()
    14:15:public void setRe_comm(java.lang.String)
com.aisidi.kuaiyue.bean.HomeTimeLineBean:
    75:75:public int getAttitudes_count()
    93:93:public java.lang.String getRe_created_at()
    99:99:public java.lang.String getRe_source()
com.aisidi.kuaiyue.bean.LoginInfoBean:
    51:51:public long getTime_stamp()
com.aisidi.kuaiyue.component.CustomerBar:
    private static final float y
    172:178:public void startDelay()
com.aisidi.kuaiyue.component.ImageLayout:
    147:151:private android.widget.ImageView createImageView(android.content.Context)
    164:170:public void showGifLogo(boolean)
    188:189:public void startWaitting()
    193:194:public void stopWaitting()
com.aisidi.kuaiyue.component.MenuChange
com.aisidi.kuaiyue.component.MenuPopupWindow
...
android.support.v4.app.NavUtils$NavUtilsImpl
android.support.v4.app.NavUtils$NavUtilsImplBase
android.support.v4.app.NavUtils$NavUtilsImplJB
android.support.v4.app.NavUtilsJB
android.support.v4.app.NotificationCompat
android.support.v4.app.NotificationCompat$Action
android.support.v4.app.NotificationCompat$BigPictureStyle
android.support.v4.app.NotificationCompat$BigTextStyle
android.support.v4.app.NotificationCompat$Builder
android.support.v4.app.NotificationCompat$InboxStyle
android.support.v4.app.NotificationCompat$NotificationCompatImpl
android.support.v4.app.NotificationCompat$NotificationCompatImplBase
android.support.v4.app.NotificationCompat$NotificationCompatImplHoneycomb
android.support.v4.app.NotificationCompat$NotificationCompatImplIceCreamSandwich
android.support.v4.app.NotificationCompat$NotificationCompatImplJellybean
android.support.v4.app.NotificationCompat$Style
android.support.v4.app.NotificationCompatHoneycomb
android.support.v4.app.NotificationCompatIceCreamSandwich
android.support.v4.app.NotificationCompatJellybean
android.support.v4.app.ServiceCompat
android.support.v4.app.ShareCompat
android.support.v4.app.ShareCompat$IntentBuilder
android.support.v4.app.ShareCompat$IntentReader
android.support.v4.app.ShareCompat$ShareCompatImpl
android.support.v4.app.ShareCompat$ShareCompatImplBase
android.support.v4.app.ShareCompat$ShareCompatImplICS
android.support.v4.app.ShareCompat$ShareCompatImplJB
android.support.v4.app.ShareCompatICS
android.support.v4.app.ShareCompatJB
android.support.v4.app.TaskStackBuilder
android.support.v4.app.TaskStackBuilder$TaskStackBuilderImpl
android.support.v4.app.TaskStackBuilder$TaskStackBuilderImplBase
android.support.v4.app.TaskStackBuilder$TaskStackBuilderImplHoneycomb
android.support.v4.app.TaskStackBuilder$TaskStackBuilderImplJellybean
android.support.v4.app.TaskStackBuilderHoneycomb
android.support.v4.app.TaskStackBuilderJellybean
android.support.v4.content.AsyncTaskLoader
android.support.v4.content.AsyncTaskLoader$LoadTask
android.support.v4.content.ContextCompat
android.support.v4.content.ContextCompatHoneycomb
android.support.v4.content.ContextCompatJellybean
android.support.v4.content.CursorLoader
android.support.v4.content.FileProvider
android.support.v4.content.FileProvider$PathStrategy
android.support.v4.content.FileProvider$SimplePathStrategy
android.support.v4.content.IntentCompat
android.support.v4.content.IntentCompat$IntentCompatImpl
android.support.v4.content.IntentCompat$IntentCompatImplBase
android.support.v4.content.IntentCompat$IntentCompatImplHC
android.support.v4.content.IntentCompat$IntentCompatImplIcsMr1
android.support.v4.content.IntentCompatHoneycomb
android.support.v4.content.IntentCompatIcsMr1
android.support.v4.content.Loader:
    android.content.Context mContext
    90:92:public Loader(android.content.Context)
    102:105:public void deliverResult(java.lang.Object)
    111:111:public android.content.Context getContext()
    118:118:public int getId()
    157:157:public boolean isStarted()
    166:166:public boolean isAbandoned()
    175:175:public boolean isReset()
    217:218:public void forceLoad()
    225:225:protected void onForceLoad()
    261:263:public void abandon()
    275:275:protected void onAbandon()
    312:314:public boolean takeContentChanged()
    326:334:public void onContentChanged()
android.support.v4.content.Loader$ForceLoadContentObserver
android.support.v4.content.Loader$OnLoadCompleteListener:
    public abstract void onLoadComplete(android.support.v4.content.Loader,java.lang.Object)
android.support.v4.content.LocalBroadcastManager
android.support.v4.content.LocalBroadcastManager$1
android.support.v4.content.LocalBroadcastManager$BroadcastRecord
android.support.v4.content.LocalBroadcastManager$ReceiverRecord
android.support.v4.content.ModernAsyncTask
android.support.v4.content.ModernAsyncTask$1
android.support.v4.content.ModernAsyncTask$2
android.support.v4.content.ModernAsyncTask$3
android.support.v4.content.ModernAsyncTask$4